0 info it worked if it ends with ok
1 verbose cli [ 'node', '/usr/local/bin/npm', 'publish' ]
2 info using npm@2.11.2
3 info using node@v0.12.5
4 verbose node symlink /usr/local/bin/node
5 verbose publish [ '.' ]
6 silly cache add args [ '.', null ]
7 verbose cache add spec .
8 silly cache add parsed spec { raw: '.',
8 silly cache add   scope: null,
8 silly cache add   name: null,
8 silly cache add   rawSpec: '.',
8 silly cache add   spec: '/Users/Theo/Fullstack/tessel-code/servo',
8 silly cache add   type: 'directory' }
9 verbose addLocalDirectory /Users/Theo/.npm/servo/1.0.0/package.tgz not in flight; packing
10 verbose tar pack [ '/Users/Theo/.npm/servo/1.0.0/package.tgz',
10 verbose tar pack   '/Users/Theo/Fullstack/tessel-code/servo' ]
11 verbose tarball /Users/Theo/.npm/servo/1.0.0/package.tgz
12 verbose folder /Users/Theo/Fullstack/tessel-code/servo
13 info prepublish servo@1.0.0
14 verbose addLocalTarball adding from inside cache /Users/Theo/.npm/servo/1.0.0/package.tgz
15 silly cache afterAdd servo@1.0.0
16 verbose afterAdd /Users/Theo/.npm/servo/1.0.0/package/package.json not in flight; writing
17 verbose afterAdd /Users/Theo/.npm/servo/1.0.0/package/package.json written
18 silly publish { name: 'servo',
18 silly publish   version: '1.0.0',
18 silly publish   description: '',
18 silly publish   main: 'servo.js',
18 silly publish   dependencies:
18 silly publish    { 'ir-attx4': '^0.2.7',
18 silly publish      'servo-pca9685': '^0.1.3',
18 silly publish      'audio-vs1053b': '^0.2.0',
18 silly publish      sys: '^0.0.1' },
18 silly publish   devDependencies: {},
18 silly publish   scripts: { test: 'echo "Error: no test specified" && exit 1' },
18 silly publish   author: '',
18 silly publish   license: 'ISC',
18 silly publish   readme: 'ERROR: No README data found!',
18 silly publish   _id: 'servo@1.0.0',
18 silly publish   _shasum: '03ee2b5ad01e8b11d9558fea4b49715b6a02b673',
18 silly publish   _from: '.' }
19 verbose getPublishConfig undefined
20 silly mapToRegistry name servo
21 silly mapToRegistry using default registry
22 silly mapToRegistry registry https://registry.npmjs.org/
23 silly mapToRegistry uri https://registry.npmjs.org/servo
24 verbose publish registryBase https://registry.npmjs.org/
25 silly publish uploading /Users/Theo/.npm/servo/1.0.0/package.tgz
26 verbose request uri https://registry.npmjs.org/servo
27 verbose request sending authorization for write operation
28 info attempt registry request try #1 at 18:26:36
29 verbose request using bearer token for auth
30 verbose request id d4a577cafbb5de67
31 http request PUT https://registry.npmjs.org/servo
32 http 403 https://registry.npmjs.org/servo
33 verbose headers { 'content-type': 'application/json',
33 verbose headers   'cache-control': 'max-age=60',
33 verbose headers   'content-length': '97',
33 verbose headers   'accept-ranges': 'bytes',
33 verbose headers   date: 'Fri, 14 Aug 2015 22:26:37 GMT',
33 verbose headers   via: '1.1 varnish',
33 verbose headers   connection: 'keep-alive',
33 verbose headers   'x-served-by': 'cache-atl6231-ATL',
33 verbose headers   'x-cache': 'MISS',
33 verbose headers   'x-cache-hits': '0',
33 verbose headers   'x-timer': 'S1439591196.905911,VS0,VE395' }
34 verbose request invalidating /Users/Theo/.npm/registry.npmjs.org/servo on PUT
35 error publish Failed PUT 403
36 verbose stack Error: You do not have permission to publish 'servo'. Are you logged in as the correct user? : servo
36 verbose stack     at CachingRegistryClient.<anonymous> (/usr/local/lib/node_modules/npm/node_modules/npm-registry-client/lib/request.js:247:14)
36 verbose stack     at Request._callback (/usr/local/lib/node_modules/npm/node_modules/npm-registry-client/lib/request.js:170:14)
36 verbose stack     at Request.self.callback (/usr/local/lib/node_modules/npm/node_modules/request/request.js:354:22)
36 verbose stack     at Request.emit (events.js:110:17)
36 verbose stack     at Request.<anonymous> (/usr/local/lib/node_modules/npm/node_modules/request/request.js:1207:14)
36 verbose stack     at Request.emit (events.js:129:20)
36 verbose stack     at IncomingMessage.<anonymous> (/usr/local/lib/node_modules/npm/node_modules/request/request.js:1153:12)
36 verbose stack     at IncomingMessage.emit (events.js:129:20)
36 verbose stack     at _stream_readable.js:908:16
36 verbose stack     at process._tickCallback (node.js:355:11)
37 verbose statusCode 403
38 verbose pkgid servo
39 verbose cwd /Users/Theo/Fullstack/tessel-code/servo
40 error Darwin 14.4.0
41 error argv "node" "/usr/local/bin/npm" "publish"
42 error node v0.12.5
43 error npm  v2.11.2
44 error code E403
45 error You do not have permission to publish 'servo'. Are you logged in as the correct user? : servo
46 error If you need help, you may report this error at:
46 error     <https://github.com/npm/npm/issues>
47 verbose exit [ 1, true ]
